<?xml version="1.0" encoding="UTF-8"?>
<!-- Generated by org.testng.reporters.JUnitXMLReporter -->
<testsuite ignored="1" hostname="LAPTOP-UNFKF07O" failures="0" tests="3" name="Default test" time="2.692" errors="0" timestamp="2024-07-29T22:01:53 CEST">
  <testcase classname="api.tests.ApiTests" name="testGetRequestByCountryAndPostalCode" time="1.738"/>
  <testcase classname="api.tests.ApiTests" name="testGetRequestByCountryAndPostalCode" time="0.657"/>
  <testcase classname="api.tests.ApiTests" name="testGetRequestByCountryAndPostalCode" time="0.239"/>
  <testcase classname="api.tests.ApiTests" name="testGetRequestByCityAndState" time="0.0">
    <ignored/>
  </testcase> <!-- testGetRequestByCityAndState -->
</testsuite> <!-- Default test -->
