<?xml version="1.0" encoding="UTF-8"?>
<!-- Generated by org.testng.reporters.JUnitXMLReporter -->
<testsuite ignored="1" hostname="LAPTOP-UNFKF07O" failures="0" tests="1" name="Default test" time="2.555" errors="0" timestamp="2024-07-30T23:06:08 CEST">
  <testcase classname="api.tests.ApiTests" name="testGetRequestByCityAndState" time="2.511"/>
  <testcase classname="api.tests.ApiTests" name="testGetRequestByCountryAndPostalCode" time="0.0">
    <ignored/>
  </testcase> <!-- testGetRequestByCountryAndPostalCode -->
</testsuite> <!-- Default test -->
