<?xml version="1.0" encoding="UTF-8"?>
<!-- Generated by org.testng.reporters.JUnitXMLReporter -->
<testsuite ignored="0" hostname="LAPTOP-UNFKF07O" failures="0" tests="4" name="APITests" time="2.963" errors="0" timestamp="2024-07-29T22:03:05 CEST">
  <testcase classname="api.tests.ApiTests" name="testGetRequestByCityAndState" time="2.177"/>
  <testcase classname="api.tests.ApiTests" name="testGetRequestByCountryAndPostalCode" time="0.246"/>
  <testcase classname="api.tests.ApiTests" name="testGetRequestByCountryAndPostalCode" time="0.24"/>
  <testcase classname="api.tests.ApiTests" name="testGetRequestByCountryAndPostalCode" time="0.241"/>
</testsuite> <!-- APITests -->
