<?xml version="1.0" encoding="UTF-8"?>
<!-- Generated by org.testng.reporters.JUnitXMLReporter -->
<testsuite ignored="0" hostname="LAPTOP-UNFKF07O" failures="0" tests="4" name="APITests" time="3.211" errors="0" timestamp="2024-07-30T23:06:44 CEST">
  <testcase classname="api.tests.ApiTests" name="testGetRequestByCityAndState" time="2.469"/>
  <testcase classname="api.tests.ApiTests" name="testGetRequestByCountryAndPostalCode" time="0.217"/>
  <testcase classname="api.tests.ApiTests" name="testGetRequestByCountryAndPostalCode" time="0.242"/>
  <testcase classname="api.tests.ApiTests" name="testGetRequestByCountryAndPostalCode" time="0.23"/>
</testsuite> <!-- APITests -->
