<?xml version="1.0" encoding="UTF-8"?>
<testsuite xmlns:xsi="http://www.w3.org/2001/XMLSchema-instance" xsi:noNamespaceSchemaLocation="https://maven.apache.org/surefire/maven-surefire-plugin/xsd/surefire-test-report.xsd" version="3.0.2" name="TestSuite" time="4.262" tests="4" errors="0" skipped="0" failures="0">
  <properties>
[...]
</properties>
  <testcase name="testGetRequestByCityAndState" classname="api.tests.ApiTests" time="2.306">
    <system-out><![CDATA[Status code: 200
Content type: application/json
Response Time: 730 milliseconds
Country: Germany
State: Baden-Württemberg
Place found 70597 Stuttgart Degerloch
]]></system-out>
    <system-err><![CDATA[SLF4J: Failed to load class "org.slf4j.impl.StaticLoggerBinder".
SLF4J: Defaulting to no-operation (NOP) logger implementation
SLF4J: See http://www.slf4j.org/codes.html#StaticLoggerBinder for further details.
]]></system-err>
  </testcase>
  <testcase name="testGetRequestByCountryAndPostalCode[us, 90210, Beverly Hills](1)" classname="api.tests.ApiTests" time="0.637">
    <system-out><![CDATA[Status code: 200
Content type: application/json
Response Time: 617 milliseconds
Input Data: us 90210 Beverly Hills
Place found US 90210 Beverly Hills
]]></system-out>
  </testcase>
  <testcase name="testGetRequestByCountryAndPostalCode[us, 12345, Schenectady](2)" classname="api.tests.ApiTests" time="0.243">
    <system-out><![CDATA[Status code: 200
Content type: application/json
Response Time: 240 milliseconds
Input Data: us 12345 Schenectady
Place found US 12345 Schenectady
]]></system-out>
  </testcase>
  <testcase name="testGetRequestByCountryAndPostalCode[ca, B2R, Waverley](3)" classname="api.tests.ApiTests" time="0.64">
    <system-out><![CDATA[Status code: 200
Content type: application/json
Response Time: 633 milliseconds
Input Data: ca B2R Waverley
Place found CA B2R Waverley
]]></system-out>
  </testcase>
</testsuite>