<?xml version="1.0" encoding="UTF-8"?>
<testng-results ignored="0" total="4" passed="4" failed="0" skipped="0">
  <reporter-output>
  </reporter-output>
  <suite started-at="2024-08-01T13:46:16 CEST" name="TestSuite" finished-at="2024-08-01T13:46:19 CEST" duration-ms="2937">
    <groups>
    </groups>
    <test started-at="2024-08-01T13:46:16 CEST" name="APITests" finished-at="2024-08-01T13:46:19 CEST" duration-ms="2937">
      <class name="api.tests.ApiTests">
        <test-method signature="testGetRequestByCityAndState()[pri:1, instance:api.tests.ApiTests@56620197]" started-at="2024-08-01T13:46:16 CEST" name="testGetRequestByCityAndState" description="Write API Test for http://api.zippopotam.us/de/bw/stuttgart" finished-at="2024-08-01T13:46:18 CEST" duration-ms="2246" status="PASS">
          <reporter-output>
          </reporter-output>
        </test-method> <!-- testGetRequestByCityAndState -->
        <test-method is-config="true" signature="tearDown()[pri:0, instance:api.tests.ApiTests@56620197]" started-at="2024-08-01T13:46:18 CEST" name="tearDown" finished-at="2024-08-01T13:46:18 CEST" duration-ms="3" status="PASS">
          <reporter-output>
          </reporter-output>
        </test-method> <!-- tearDown -->
        <test-method signature="testGetRequestByCountryAndPostalCode(java.lang.String,java.lang.String,java.lang.String)[pri:2, instance:api.tests.ApiTests@56620197]" started-at="2024-08-01T13:46:18 CEST" name="testGetRequestByCountryAndPostalCode" description="Write API Data Driven Test for http://api.zippopotam.us/{country}/{postal-code}" data-provider="csvData" finished-at="2024-08-01T13:46:18 CEST" duration-ms="225" status="PASS">
          <params>
            <param index="0">
              <value>
                <![CDATA[us]]>
              </value>
            </param>
            <param index="1">
              <value>
                <![CDATA[90210]]>
              </value>
            </param>
            <param index="2">
              <value>
                <![CDATA[Beverly Hills]]>
              </value>
            </param>
          </params>
          <reporter-output>
          </reporter-output>
        </test-method> <!-- testGetRequestByCountryAndPostalCode -->
        <test-method is-config="true" signature="tearDown()[pri:0, instance:api.tests.ApiTests@56620197]" started-at="2024-08-01T13:46:18 CEST" name="tearDown" finished-at="2024-08-01T13:46:18 CEST" duration-ms="1" status="PASS">
          <reporter-output>
          </reporter-output>
        </test-method> <!-- tearDown -->
        <test-method signature="testGetRequestByCountryAndPostalCode(java.lang.String,java.lang.String,java.lang.String)[pri:2, instance:api.tests.ApiTests@56620197]" started-at="2024-08-01T13:46:18 CEST" name="testGetRequestByCountryAndPostalCode" description="Write API Data Driven Test for http://api.zippopotam.us/{country}/{postal-code}" data-provider="csvData" finished-at="2024-08-01T13:46:19 CEST" duration-ms="205" status="PASS">
          <params>
            <param index="0">
              <value>
                <![CDATA[us]]>
              </value>
            </param>
            <param index="1">
              <value>
                <![CDATA[12345]]>
              </value>
            </param>
            <param index="2">
              <value>
                <![CDATA[Schenectady]]>
              </value>
            </param>
          </params>
          <reporter-output>
          </reporter-output>
        </test-method> <!-- testGetRequestByCountryAndPostalCode -->
        <test-method signature="testGetRequestByCountryAndPostalCode(java.lang.String,java.lang.String,java.lang.String)[pri:2, instance:api.tests.ApiTests@56620197]" started-at="2024-08-01T13:46:19 CEST" name="testGetRequestByCountryAndPostalCode" description="Write API Data Driven Test for http://api.zippopotam.us/{country}/{postal-code}" data-provider="csvData" finished-at="2024-08-01T13:46:19 CEST" duration-ms="208" status="PASS">
          <params>
            <param index="0">
              <value>
                <![CDATA[ca]]>
              </value>
            </param>
            <param index="1">
              <value>
                <![CDATA[B2R]]>
              </value>
            </param>
            <param index="2">
              <value>
                <![CDATA[Waverley]]>
              </value>
            </param>
          </params>
          <reporter-output>
          </reporter-output>
        </test-method> <!-- testGetRequestByCountryAndPostalCode -->
        <test-method is-config="true" signature="tearDown()[pri:0, instance:api.tests.ApiTests@56620197]" started-at="2024-08-01T13:46:19 CEST" name="tearDown" finished-at="2024-08-01T13:46:19 CEST" duration-ms="0" status="PASS">
          <reporter-output>
          </reporter-output>
        </test-method> <!-- tearDown -->
        <test-method is-config="true" signature="tearDown()[pri:0, instance:api.tests.ApiTests@56620197]" started-at="2024-08-01T13:46:19 CEST" name="tearDown" finished-at="2024-08-01T13:46:19 CEST" duration-ms="1" status="PASS">
          <reporter-output>
          </reporter-output>
        </test-method> <!-- tearDown -->
      </class> <!-- api.tests.ApiTests -->
    </test> <!-- APITests -->
  </suite> <!-- TestSuite -->
</testng-results>
