<?xml version="1.0" encoding="UTF-8"?>
<testng-results ignored="0" total="3" passed="3" failed="0" skipped="0">
  <reporter-output>
  </reporter-output>
  <suite started-at="2024-07-29T22:01:50 CEST" name="Default suite" finished-at="2024-07-29T22:01:53 CEST" duration-ms="2692">
    <groups>
    </groups>
    <test started-at="2024-07-29T22:01:50 CEST" name="Default test" finished-at="2024-07-29T22:01:53 CEST" duration-ms="2692">
      <class name="api.tests.ApiTests">
        <test-method is-config="true" signature="setUpBeforeMethod()[pri:0, instance:api.tests.ApiTests@3e27ba32]" started-at="2024-07-29T22:01:50 CEST" name="setUpBeforeMethod" finished-at="2024-07-29T22:01:50 CEST" duration-ms="6" status="PASS">
          <reporter-output>
          </reporter-output>
        </test-method> <!-- setUpBeforeMethod -->
        <test-method signature="testGetRequestByCountryAndPostalCode(java.lang.String,java.lang.String,java.lang.String)[pri:2, instance:api.tests.ApiTests@3e27ba32]" started-at="2024-07-29T22:01:50 CEST" name="testGetRequestByCountryAndPostalCode" data-provider="csvData" finished-at="2024-07-29T22:01:52 CEST" duration-ms="1738" status="PASS">
          <params>
            <param index="0">
              <value>
                <![CDATA[us]]>
              </value>
            </param>
            <param index="1">
              <value>
                <![CDATA[90210]]>
              </value>
            </param>
            <param index="2">
              <value>
                <![CDATA[Beverly Hills]]>
              </value>
            </param>
          </params>
          <reporter-output>
          </reporter-output>
        </test-method> <!-- testGetRequestByCountryAndPostalCode -->
        <test-method is-config="true" signature="tearDown()[pri:0, instance:api.tests.ApiTests@3e27ba32]" started-at="2024-07-29T22:01:52 CEST" name="tearDown" finished-at="2024-07-29T22:01:52 CEST" duration-ms="1" status="PASS">
          <reporter-output>
          </reporter-output>
        </test-method> <!-- tearDown -->
        <test-method is-config="true" signature="setUpBeforeMethod()[pri:0, instance:api.tests.ApiTests@3e27ba32]" started-at="2024-07-29T22:01:52 CEST" name="setUpBeforeMethod" finished-at="2024-07-29T22:01:52 CEST" duration-ms="1" status="PASS">
          <reporter-output>
          </reporter-output>
        </test-method> <!-- setUpBeforeMethod -->
        <test-method signature="testGetRequestByCountryAndPostalCode(java.lang.String,java.lang.String,java.lang.String)[pri:2, instance:api.tests.ApiTests@3e27ba32]" started-at="2024-07-29T22:01:52 CEST" name="testGetRequestByCountryAndPostalCode" data-provider="csvData" finished-at="2024-07-29T22:01:52 CEST" duration-ms="657" status="PASS">
          <params>
            <param index="0">
              <value>
                <![CDATA[us]]>
              </value>
            </param>
            <param index="1">
              <value>
                <![CDATA[12345]]>
              </value>
            </param>
            <param index="2">
              <value>
                <![CDATA[Schenectady]]>
              </value>
            </param>
          </params>
          <reporter-output>
          </reporter-output>
        </test-method> <!-- testGetRequestByCountryAndPostalCode -->
        <test-method is-config="true" signature="tearDown()[pri:0, instance:api.tests.ApiTests@3e27ba32]" started-at="2024-07-29T22:01:52 CEST" name="tearDown" finished-at="2024-07-29T22:01:52 CEST" duration-ms="0" status="PASS">
          <reporter-output>
          </reporter-output>
        </test-method> <!-- tearDown -->
        <test-method signature="testGetRequestByCountryAndPostalCode(java.lang.String,java.lang.String,java.lang.String)[pri:2, instance:api.tests.ApiTests@3e27ba32]" started-at="2024-07-29T22:01:52 CEST" name="testGetRequestByCountryAndPostalCode" data-provider="csvData" finished-at="2024-07-29T22:01:53 CEST" duration-ms="239" status="PASS">
          <params>
            <param index="0">
              <value>
                <![CDATA[ca]]>
              </value>
            </param>
            <param index="1">
              <value>
                <![CDATA[B2R]]>
              </value>
            </param>
            <param index="2">
              <value>
                <![CDATA[Waverley]]>
              </value>
            </param>
          </params>
          <reporter-output>
          </reporter-output>
        </test-method> <!-- testGetRequestByCountryAndPostalCode -->
        <test-method is-config="true" signature="setUpBeforeMethod()[pri:0, instance:api.tests.ApiTests@3e27ba32]" started-at="2024-07-29T22:01:52 CEST" name="setUpBeforeMethod" finished-at="2024-07-29T22:01:52 CEST" duration-ms="0" status="PASS">
          <reporter-output>
          </reporter-output>
        </test-method> <!-- setUpBeforeMethod -->
        <test-method is-config="true" signature="tearDown()[pri:0, instance:api.tests.ApiTests@3e27ba32]" started-at="2024-07-29T22:01:53 CEST" name="tearDown" finished-at="2024-07-29T22:01:53 CEST" duration-ms="0" status="PASS">
          <reporter-output>
          </reporter-output>
        </test-method> <!-- tearDown -->
      </class> <!-- api.tests.ApiTests -->
    </test> <!-- Default test -->
  </suite> <!-- Default suite -->
</testng-results>
