<?xml version="1.0" encoding="UTF-8"?>
<testng-results ignored="0" total="1" passed="1" failed="0" skipped="0">
  <reporter-output>
  </reporter-output>
  <suite started-at="2024-07-30T23:06:06 CEST" name="Default suite" finished-at="2024-07-30T23:06:08 CEST" duration-ms="2555">
    <groups>
    </groups>
    <test started-at="2024-07-30T23:06:06 CEST" name="Default test" finished-at="2024-07-30T23:06:08 CEST" duration-ms="2555">
      <class name="api.tests.ApiTests">
        <test-method signature="testGetRequestByCityAndState()[pri:1, instance:api.tests.ApiTests@2af004b]" started-at="2024-07-30T23:06:06 CEST" name="testGetRequestByCityAndState" description="Write API Test for http://api.zippopotam.us/de/bw/stuttgart" finished-at="2024-07-30T23:06:08 CEST" duration-ms="2511" status="PASS">
          <reporter-output>
          </reporter-output>
        </test-method> <!-- testGetRequestByCityAndState -->
        <test-method is-config="true" signature="tearDown()[pri:0, instance:api.tests.ApiTests@2af004b]" started-at="2024-07-30T23:06:08 CEST" name="tearDown" finished-at="2024-07-30T23:06:08 CEST" duration-ms="2" status="PASS">
          <reporter-output>
          </reporter-output>
        </test-method> <!-- tearDown -->
      </class> <!-- api.tests.ApiTests -->
    </test> <!-- Default test -->
  </suite> <!-- Default suite -->
</testng-results>
